The target system is: Emscripten - 1 - x86
The host system is: Linux - 5.15.0-107-generic - x86_64
Performing C SOURCE FILE Test SUPPORTS_LLD succeeded with the following output:
Change Dir: /home/dev/mujoco/build/CMakeFiles/CMakeTmp

Run Build Command(s):/usr/bin/make cmTC_d61bd/fast && /usr/bin/make -f CMakeFiles/cmTC_d61bd.dir/build.make CMakeFiles/cmTC_d61bd.dir/build
make[1]: Entering directory '/home/dev/mujoco/build/CMakeFiles/CMakeTmp'
Building C object CMakeFiles/cmTC_d61bd.dir/src.c.o
/home/dev/mujoco/build/emsdk/upstream/emscripten/emcc   -DSUPPORTS_LLD -fuse-ld=lld -fPIE   -std=c11 -o CMakeFiles/cmTC_d61bd.dir/src.c.o   -c /home/dev/mujoco/build/CMakeFiles/CMakeTmp/src.c
clang: warning: argument unused during compilation: '-fuse-ld=lld' [-Wunused-command-line-argument]
Linking C executable cmTC_d61bd.js
/usr/bin/cmake -E cmake_link_script CMakeFiles/cmTC_d61bd.dir/link.txt --verbose=1
/home/dev/mujoco/build/emsdk/upstream/emscripten/emcc  -DSUPPORTS_LLD -fuse-ld=lld    @CMakeFiles/cmTC_d61bd.dir/objects1.rsp  -o cmTC_d61bd.js 
cache:INFO: generating system asset: symbol_lists/1ffb8ae9989c0d6bd939b0535f818460be3553a6.json... (this will be cached in "/home/dev/mujoco/build/emsdk/upstream/emscripten/cache/symbol_lists/1ffb8ae9989c0d6bd939b0535f818460be3553a6.json" for subsequent builds)
cache:INFO:  - ok
make[1]: Leaving directory '/home/dev/mujoco/build/CMakeFiles/CMakeTmp'


Source file was:
int main() {}
Performing C SOURCE FILE Test SUPPORTS_GC_SECTIONS succeeded with the following output:
Change Dir: /home/dev/mujoco/build/CMakeFiles/CMakeTmp

Run Build Command(s):/usr/bin/make cmTC_b5464/fast && /usr/bin/make -f CMakeFiles/cmTC_b5464.dir/build.make CMakeFiles/cmTC_b5464.dir/build
make[1]: Entering directory '/home/dev/mujoco/build/CMakeFiles/CMakeTmp'
Building C object CMakeFiles/cmTC_b5464.dir/src.c.o
/home/dev/mujoco/build/emsdk/upstream/emscripten/emcc   -DSUPPORTS_GC_SECTIONS -fuse-ld=lld -fPIE   -std=c11 -o CMakeFiles/cmTC_b5464.dir/src.c.o   -c /home/dev/mujoco/build/CMakeFiles/CMakeTmp/src.c
clang: warning: argument unused during compilation: '-fuse-ld=lld' [-Wunused-command-line-argument]
Linking C executable cmTC_b5464.js
/usr/bin/cmake -E cmake_link_script CMakeFiles/cmTC_b5464.dir/link.txt --verbose=1
/home/dev/mujoco/build/emsdk/upstream/emscripten/emcc  -DSUPPORTS_GC_SECTIONS -fuse-ld=lld    @CMakeFiles/cmTC_b5464.dir/objects1.rsp  -o cmTC_b5464.js 
make[1]: Leaving directory '/home/dev/mujoco/build/CMakeFiles/CMakeTmp'


Source file was:
int main() {}
Determining if the include file sys/types.h exists passed with the following output:
Change Dir: /home/dev/mujoco/build/CMakeFiles/CMakeTmp

Run Build Command(s):/usr/bin/make cmTC_827a2/fast && /usr/bin/make -f CMakeFiles/cmTC_827a2.dir/build.make CMakeFiles/cmTC_827a2.dir/build
make[1]: Entering directory '/home/dev/mujoco/build/CMakeFiles/CMakeTmp'
Building C object CMakeFiles/cmTC_827a2.dir/CheckIncludeFile.c.o
/home/dev/mujoco/build/emsdk/upstream/emscripten/emcc -D_FILE_OFFSET_BITS=64 -D_LARGEFILE_SOURCE -D_LARGE_FILES -D__STDC_CONSTANT_MACROS -D__STDC_FORMAT_MACROS -D__STDC_LIMIT_MACROS  -fPIE   -o CMakeFiles/cmTC_827a2.dir/CheckIncludeFile.c.o   -c /home/dev/mujoco/build/CMakeFiles/CMakeTmp/CheckIncludeFile.c
Linking C executable cmTC_827a2.js
/usr/bin/cmake -E cmake_link_script CMakeFiles/cmTC_827a2.dir/link.txt --verbose=1
/home/dev/mujoco/build/emsdk/upstream/emscripten/emcc      @CMakeFiles/cmTC_827a2.dir/objects1.rsp  -o cmTC_827a2.js 
make[1]: Leaving directory '/home/dev/mujoco/build/CMakeFiles/CMakeTmp'



Determining if the include file inttypes.h exists passed with the following output:
Change Dir: /home/dev/mujoco/build/CMakeFiles/CMakeTmp

Run Build Command(s):/usr/bin/make cmTC_b07ef/fast && /usr/bin/make -f CMakeFiles/cmTC_b07ef.dir/build.make CMakeFiles/cmTC_b07ef.dir/build
make[1]: Entering directory '/home/dev/mujoco/build/CMakeFiles/CMakeTmp'
Building C object CMakeFiles/cmTC_b07ef.dir/CheckIncludeFile.c.o
/home/dev/mujoco/build/emsdk/upstream/emscripten/emcc -D_FILE_OFFSET_BITS=64 -D_LARGEFILE_SOURCE -D_LARGE_FILES -D__STDC_CONSTANT_MACROS -D__STDC_FORMAT_MACROS -D__STDC_LIMIT_MACROS  -fPIE   -o CMakeFiles/cmTC_b07ef.dir/CheckIncludeFile.c.o   -c /home/dev/mujoco/build/CMakeFiles/CMakeTmp/CheckIncludeFile.c
Linking C executable cmTC_b07ef.js
/usr/bin/cmake -E cmake_link_script CMakeFiles/cmTC_b07ef.dir/link.txt --verbose=1
/home/dev/mujoco/build/emsdk/upstream/emscripten/emcc      @CMakeFiles/cmTC_b07ef.dir/objects1.rsp  -o cmTC_b07ef.js 
make[1]: Leaving directory '/home/dev/mujoco/build/CMakeFiles/CMakeTmp'



Determining if the include file stddef.h exists passed with the following output:
Change Dir: /home/dev/mujoco/build/CMakeFiles/CMakeTmp

Run Build Command(s):/usr/bin/make cmTC_3889a/fast && /usr/bin/make -f CMakeFiles/cmTC_3889a.dir/build.make CMakeFiles/cmTC_3889a.dir/build
make[1]: Entering directory '/home/dev/mujoco/build/CMakeFiles/CMakeTmp'
Building C object CMakeFiles/cmTC_3889a.dir/CheckIncludeFile.c.o
/home/dev/mujoco/build/emsdk/upstream/emscripten/emcc -D_FILE_OFFSET_BITS=64 -D_LARGEFILE_SOURCE -D_LARGE_FILES -D__STDC_CONSTANT_MACROS -D__STDC_FORMAT_MACROS -D__STDC_LIMIT_MACROS  -fPIE   -o CMakeFiles/cmTC_3889a.dir/CheckIncludeFile.c.o   -c /home/dev/mujoco/build/CMakeFiles/CMakeTmp/CheckIncludeFile.c
Linking C executable cmTC_3889a.js
/usr/bin/cmake -E cmake_link_script CMakeFiles/cmTC_3889a.dir/link.txt --verbose=1
/home/dev/mujoco/build/emsdk/upstream/emscripten/emcc      @CMakeFiles/cmTC_3889a.dir/objects1.rsp  -o cmTC_3889a.js 
make[1]: Leaving directory '/home/dev/mujoco/build/CMakeFiles/CMakeTmp'



Determining if the include file stdint.h exists passed with the following output:
Change Dir: /home/dev/mujoco/build/CMakeFiles/CMakeTmp

Run Build Command(s):/usr/bin/make cmTC_64a27/fast && /usr/bin/make -f CMakeFiles/cmTC_64a27.dir/build.make CMakeFiles/cmTC_64a27.dir/build
make[1]: Entering directory '/home/dev/mujoco/build/CMakeFiles/CMakeTmp'
Building C object CMakeFiles/cmTC_64a27.dir/CheckIncludeFile.c.o
/home/dev/mujoco/build/emsdk/upstream/emscripten/emcc -D_FILE_OFFSET_BITS=64 -D_LARGEFILE_SOURCE -D_LARGE_FILES -D__STDC_CONSTANT_MACROS -D__STDC_FORMAT_MACROS -D__STDC_LIMIT_MACROS  -fPIE   -o CMakeFiles/cmTC_64a27.dir/CheckIncludeFile.c.o   -c /home/dev/mujoco/build/CMakeFiles/CMakeTmp/CheckIncludeFile.c
Linking C executable cmTC_64a27.js
/usr/bin/cmake -E cmake_link_script CMakeFiles/cmTC_64a27.dir/link.txt --verbose=1
/home/dev/mujoco/build/emsdk/upstream/emscripten/emcc      @CMakeFiles/cmTC_64a27.dir/objects1.rsp  -o cmTC_64a27.js 
make[1]: Leaving directory '/home/dev/mujoco/build/CMakeFiles/CMakeTmp'



Determining size of off_t passed with the following output:
Change Dir: /home/dev/mujoco/build/CMakeFiles/CMakeTmp

Run Build Command(s):/usr/bin/make cmTC_10d13/fast && /usr/bin/make -f CMakeFiles/cmTC_10d13.dir/build.make CMakeFiles/cmTC_10d13.dir/build
make[1]: Entering directory '/home/dev/mujoco/build/CMakeFiles/CMakeTmp'
Building C object CMakeFiles/cmTC_10d13.dir/SIZEOF_OFF_T.c.o
/home/dev/mujoco/build/emsdk/upstream/emscripten/emcc -D_FILE_OFFSET_BITS=64 -D_LARGEFILE_SOURCE -D_LARGE_FILES -D__STDC_CONSTANT_MACROS -D__STDC_FORMAT_MACROS -D__STDC_LIMIT_MACROS  -fPIE   -o CMakeFiles/cmTC_10d13.dir/SIZEOF_OFF_T.c.o   -c /home/dev/mujoco/build/CMakeFiles/CheckTypeSize/SIZEOF_OFF_T.c
Linking C executable cmTC_10d13.js
/usr/bin/cmake -E cmake_link_script CMakeFiles/cmTC_10d13.dir/link.txt --verbose=1
/home/dev/mujoco/build/emsdk/upstream/emscripten/emcc      @CMakeFiles/cmTC_10d13.dir/objects1.rsp  -o cmTC_10d13.js @CMakeFiles/cmTC_10d13.dir/linklibs.rsp
cache:INFO: generating system asset: symbol_lists/533df5874d4a1e9cb51f568f4e7abff95f820197.json... (this will be cached in "/home/dev/mujoco/build/emsdk/upstream/emscripten/cache/symbol_lists/533df5874d4a1e9cb51f568f4e7abff95f820197.json" for subsequent builds)
cache:INFO:  - ok
make[1]: Leaving directory '/home/dev/mujoco/build/CMakeFiles/CMakeTmp'



Determining if the fseeko exist passed with the following output:
Change Dir: /home/dev/mujoco/build/CMakeFiles/CMakeTmp

Run Build Command(s):/usr/bin/make cmTC_6b749/fast && /usr/bin/make -f CMakeFiles/cmTC_6b749.dir/build.make CMakeFiles/cmTC_6b749.dir/build
make[1]: Entering directory '/home/dev/mujoco/build/CMakeFiles/CMakeTmp'
Building C object CMakeFiles/cmTC_6b749.dir/CheckSymbolExists.c.o
/home/dev/mujoco/build/emsdk/upstream/emscripten/emcc -D_FILE_OFFSET_BITS=64 -D_LARGEFILE_SOURCE -D_LARGE_FILES -D__STDC_CONSTANT_MACROS -D__STDC_FORMAT_MACROS -D__STDC_LIMIT_MACROS  -fPIE   -o CMakeFiles/cmTC_6b749.dir/CheckSymbolExists.c.o   -c /home/dev/mujoco/build/CMakeFiles/CMakeTmp/CheckSymbolExists.c
Linking C executable cmTC_6b749.js
/usr/bin/cmake -E cmake_link_script CMakeFiles/cmTC_6b749.dir/link.txt --verbose=1
/home/dev/mujoco/build/emsdk/upstream/emscripten/emcc      @CMakeFiles/cmTC_6b749.dir/objects1.rsp  -o cmTC_6b749.js 
make[1]: Leaving directory '/home/dev/mujoco/build/CMakeFiles/CMakeTmp'


File /home/dev/mujoco/build/CMakeFiles/CMakeTmp/CheckSymbolExists.c:
/* */
#include <stdio.h>

int main(int argc, char** argv)
{
  (void)argv;
#ifndef fseeko
  return ((int*)(&fseeko))[argc];
#else
  (void)argc;
  return 0;
#endif
}
Determining if the ftello exist passed with the following output:
Change Dir: /home/dev/mujoco/build/CMakeFiles/CMakeTmp

Run Build Command(s):/usr/bin/make cmTC_b12e9/fast && /usr/bin/make -f CMakeFiles/cmTC_b12e9.dir/build.make CMakeFiles/cmTC_b12e9.dir/build
make[1]: Entering directory '/home/dev/mujoco/build/CMakeFiles/CMakeTmp'
Building C object CMakeFiles/cmTC_b12e9.dir/CheckSymbolExists.c.o
/home/dev/mujoco/build/emsdk/upstream/emscripten/emcc -D_FILE_OFFSET_BITS=64 -D_LARGEFILE_SOURCE -D_LARGE_FILES -D__STDC_CONSTANT_MACROS -D__STDC_FORMAT_MACROS -D__STDC_LIMIT_MACROS  -fPIE   -o CMakeFiles/cmTC_b12e9.dir/CheckSymbolExists.c.o   -c /home/dev/mujoco/build/CMakeFiles/CMakeTmp/CheckSymbolExists.c
Linking C executable cmTC_b12e9.js
/usr/bin/cmake -E cmake_link_script CMakeFiles/cmTC_b12e9.dir/link.txt --verbose=1
/home/dev/mujoco/build/emsdk/upstream/emscripten/emcc      @CMakeFiles/cmTC_b12e9.dir/objects1.rsp  -o cmTC_b12e9.js 
make[1]: Leaving directory '/home/dev/mujoco/build/CMakeFiles/CMakeTmp'


File /home/dev/mujoco/build/CMakeFiles/CMakeTmp/CheckSymbolExists.c:
/* */
#include <stdio.h>

int main(int argc, char** argv)
{
  (void)argv;
#ifndef ftello
  return ((int*)(&ftello))[argc];
#else
  (void)argc;
  return 0;
#endif
}
Determining if the PRIdMAX exist passed with the following output:
Change Dir: /home/dev/mujoco/build/CMakeFiles/CMakeTmp

Run Build Command(s):/usr/bin/make cmTC_5b27b/fast && /usr/bin/make -f CMakeFiles/cmTC_5b27b.dir/build.make CMakeFiles/cmTC_5b27b.dir/build
make[1]: Entering directory '/home/dev/mujoco/build/CMakeFiles/CMakeTmp'
Building C object CMakeFiles/cmTC_5b27b.dir/CheckSymbolExists.c.o
/home/dev/mujoco/build/emsdk/upstream/emscripten/emcc -D_FILE_OFFSET_BITS=64 -D_LARGEFILE_SOURCE -D_LARGE_FILES -D__STDC_CONSTANT_MACROS -D__STDC_FORMAT_MACROS -D__STDC_LIMIT_MACROS  -fPIE   -o CMakeFiles/cmTC_5b27b.dir/CheckSymbolExists.c.o   -c /home/dev/mujoco/build/CMakeFiles/CMakeTmp/CheckSymbolExists.c
Linking C executable cmTC_5b27b.js
/usr/bin/cmake -E cmake_link_script CMakeFiles/cmTC_5b27b.dir/link.txt --verbose=1
/home/dev/mujoco/build/emsdk/upstream/emscripten/emcc      @CMakeFiles/cmTC_5b27b.dir/objects1.rsp  -o cmTC_5b27b.js 
make[1]: Leaving directory '/home/dev/mujoco/build/CMakeFiles/CMakeTmp'


File /home/dev/mujoco/build/CMakeFiles/CMakeTmp/CheckSymbolExists.c:
/* */
#include <inttypes.h>

int main(int argc, char** argv)
{
  (void)argv;
#ifndef PRIdMAX
  return ((int*)(&PRIdMAX))[argc];
#else
  (void)argc;
  return 0;
#endif
}
Performing C SOURCE FILE Test CMAKE_HAVE_LIBC_PTHREAD succeeded with the following output:
Change Dir: /home/dev/mujoco/build/CMakeFiles/CMakeTmp

Run Build Command(s):/usr/bin/make cmTC_d8a05/fast && /usr/bin/make -f CMakeFiles/cmTC_d8a05.dir/build.make CMakeFiles/cmTC_d8a05.dir/build
make[1]: Entering directory '/home/dev/mujoco/build/CMakeFiles/CMakeTmp'
Building C object CMakeFiles/cmTC_d8a05.dir/src.c.o
/home/dev/mujoco/build/emsdk/upstream/emscripten/emcc   -DCMAKE_HAVE_LIBC_PTHREAD -fPIE   -std=c11 -o CMakeFiles/cmTC_d8a05.dir/src.c.o   -c /home/dev/mujoco/build/CMakeFiles/CMakeTmp/src.c
Linking C executable cmTC_d8a05.js
/usr/bin/cmake -E cmake_link_script CMakeFiles/cmTC_d8a05.dir/link.txt --verbose=1
/home/dev/mujoco/build/emsdk/upstream/emscripten/emcc  -DCMAKE_HAVE_LIBC_PTHREAD    @CMakeFiles/cmTC_d8a05.dir/objects1.rsp  -o cmTC_d8a05.js 
make[1]: Leaving directory '/home/dev/mujoco/build/CMakeFiles/CMakeTmp'


Source file was:
#include <pthread.h>

void* test_func(void* data)
{
  return data;
}

int main(void)
{
  pthread_t thread;
  pthread_create(&thread, NULL, test_func, NULL);
  pthread_detach(thread);
  pthread_join(thread, NULL);
  pthread_atfork(NULL, NULL, NULL);
  pthread_exit(NULL);

  return 0;
}

Performing C++ SOURCE FILE Test COMPILER_SUPPORTS_VISIBILITY succeeded with the following output:
Change Dir: /home/dev/mujoco/build/CMakeFiles/CMakeTmp

Run Build Command(s):/usr/bin/make cmTC_45a33/fast && /usr/bin/make -f CMakeFiles/cmTC_45a33.dir/build.make CMakeFiles/cmTC_45a33.dir/build
make[1]: Entering directory '/home/dev/mujoco/build/CMakeFiles/CMakeTmp'
Building CXX object CMakeFiles/cmTC_45a33.dir/src.cxx.o
/home/dev/mujoco/build/emsdk/upstream/emscripten/em++    -DCOMPILER_SUPPORTS_VISIBILITY -fPIE   -fvisibility=hidden -o CMakeFiles/cmTC_45a33.dir/src.cxx.o -c /home/dev/mujoco/build/CMakeFiles/CMakeTmp/src.cxx
Linking CXX executable cmTC_45a33.js
/usr/bin/cmake -E cmake_link_script CMakeFiles/cmTC_45a33.dir/link.txt --verbose=1
/home/dev/mujoco/build/emsdk/upstream/emscripten/em++   -DCOMPILER_SUPPORTS_VISIBILITY    @CMakeFiles/cmTC_45a33.dir/objects1.rsp  -o cmTC_45a33.js 
make[1]: Leaving directory '/home/dev/mujoco/build/CMakeFiles/CMakeTmp'


Source file was:
int main() { return 0; }
